#
# There is insufficient memory for the Java Runtime Environment to continue.
# Native memory allocation (malloc) failed to allocate 32784 bytes for Chunk::new
# Possible reasons:
#   The system is out of physical RAM or swap space
#   The process is running with CompressedOops enabled, and the Java Heap may be blocking the growth of the native heap
# Possible solutions:
#   Reduce memory load on the system
#   Increase physical memory or swap space
#   Check if swap backing store is full
#   Decrease Java heap size (-Xmx/-Xms)
#   Decrease number of Java threads
#   Decrease Java thread stack sizes (-Xss)
#   Set larger code cache with -XX:ReservedCodeCacheSize=
#   JVM is running with Unscaled Compressed Oops mode in which the Java heap is
#     placed in the first 4GB address space. The Java Heap base address is the
#     maximum limit for the native heap growth. Please use -XX:HeapBaseMinAddress
#     to set the Java Heap base and to place the Java Heap above 4GB virtual address.
# This output file may be truncated or incomplete.
#
#  Out of Memory Error (allocation.cpp:389), pid=18112, tid=0x0000000000003764
#
# JRE version: Java(TM) SE Runtime Environment (8.0_221-b11) (build 1.8.0_221-b11)
# Java VM: Java HotSpot(TM) 64-Bit Server VM (25.221-b11 mixed mode windows-amd64 compressed oops)
# Failed to write core dump. Minidumps are not enabled by default on client versions of Windows
#

---------------  T H R E A D  ---------------

Current thread (0x0000000019c3c000):  JavaThread "C2 CompilerThread1" daemon [_thread_in_native, id=14180, stack(0x000000001a410000,0x000000001a510000)]

Stack: [0x000000001a410000,0x000000001a510000]
[error occurred during error reporting (printing stack bounds), id 0xc0000005]

Native frames: (J=compiled Java code, j=interpreted, Vv=VM code, C=native code)


Current CompileTask:
C2:  21132 5627 % !   4       com.st.microxplorer.mcufinder.db.DbMcusXml::getMcuListFromAltovaDoc @ 1119 (1300 bytes)


---------------  P R O C E S S  ---------------

Java Threads: ( => current thread )
  0x0000000019c54800 JavaThread "Thread-1729" [_thread_blocked, id=3592, stack(0x000000001b8b0000,0x000000001b9b0000)]
  0x0000000019c53000 JavaThread "TimerQueue" daemon [_thread_blocked, id=7228, stack(0x000000001f810000,0x000000001f910000)]
  0x000000001d55f800 JavaThread "Swing-Shell" daemon [_thread_blocked, id=17868, stack(0x000000001ef40000,0x000000001f040000)]
  0x000000001c959000 JavaThread "Image Fetcher 0" daemon [_thread_blocked, id=4700, stack(0x000000001b9b0000,0x000000001bab0000)]
  0x00000000029cd800 JavaThread "DestroyJavaVM" [_thread_blocked, id=5696, stack(0x0000000000f90000,0x0000000001090000)]
  0x000000001ab49800 JavaThread "AWT-EventQueue-0" [_thread_blocked, id=10488, stack(0x000000001c0a0000,0x000000001c1a0000)]
  0x000000001ab0d000 JavaThread "AWT-Windows" daemon [_thread_in_native, id=15516, stack(0x000000001b4b0000,0x000000001b5b0000)]
  0x000000001ab0a800 JavaThread "AWT-Shutdown" [_thread_blocked, id=10040, stack(0x000000001b3b0000,0x000000001b4b0000)]
  0x000000001aac7800 JavaThread "Java2D Disposer" daemon [_thread_blocked, id=15392, stack(0x000000001b2b0000,0x000000001b3b0000)]
  0x0000000019cfb000 JavaThread "Service Thread" daemon [_thread_blocked, id=6828, stack(0x000000001a710000,0x000000001a810000)]
  0x0000000019c52000 JavaThread "C1 CompilerThread3" daemon [_thread_blocked, id=16616, stack(0x000000001a610000,0x000000001a710000)]
  0x0000000019c42000 JavaThread "C2 CompilerThread2" daemon [_thread_blocked, id=14988, stack(0x000000001a510000,0x000000001a610000)]
=>0x0000000019c3c000 JavaThread "C2 CompilerThread1" daemon [_thread_in_native, id=14180, stack(0x000000001a410000,0x000000001a510000)]
  0x0000000019c38800 JavaThread "C2 CompilerThread0" daemon [_thread_blocked, id=16164, stack(0x000000001a310000,0x000000001a410000)]
  0x0000000019c33800 JavaThread "Attach Listener" daemon [_thread_blocked, id=5272, stack(0x000000001a210000,0x000000001a310000)]
  0x0000000017cee000 JavaThread "Signal Dispatcher" daemon [_thread_blocked, id=16120, stack(0x000000001a110000,0x000000001a210000)]
  0x0000000002979800 JavaThread "Finalizer" daemon [_thread_blocked, id=10032, stack(0x0000000019fb0000,0x000000001a0b0000)]
  0x0000000002978000 JavaThread "Reference Handler" daemon [_thread_blocked, id=7296, stack(0x0000000019ab0000,0x0000000019bb0000)]

Other Threads:
  0x0000000017cd9000 VMThread [stack: 0x00000000199b0000,0x0000000019ab0000] [id=8944]
  0x0000000019d06800 WatcherThread [stack: 0x000000001a810000,0x000000001a910000] [id=8352]

VM state:at safepoint (normal execution)

VM Mutex/Monitor currently owned by a thread:  ([mutex/lock_event])
[0x00000000029cc860] Threads_lock - owner thread: 0x0000000017cd9000
[0x00000000029cd360] Heap_lock - owner thread: 0x0000000019c54800

heap address: 0x0000000081e00000, size: 2018 MB, Compressed Oops mode: 32-bit
Narrow klass base: 0x0000000000000000, Narrow klass shift: 3
Compressed class space size: 1073741824 Address: 0x0000000100000000

Heap:
 PSYoungGen      total 478720K, used 13822K [0x00000000d5f80000, 0x00000000f4080000, 0x0000000100000000)
  eden space 464896K, 0% used [0x00000000d5f80000,0x00000000d5f80000,0x00000000f2580000)
  from space 13824K, 99% used [0x00000000f2580000,0x00000000f32ff8a0,0x00000000f3300000)
  to   space 10240K, 0% used [0x00000000f3680000,0x00000000f3680000,0x00000000f4080000)
 ParOldGen       total 80384K, used 79909K [0x0000000081e00000, 0x0000000086c80000, 0x00000000d5f80000)
  object space 80384K, 99% used [0x0000000081e00000,0x0000000086c096c8,0x0000000086c80000)
 Metaspace       used 43089K, capacity 45362K, committed 45656K, reserved 1087488K
  class space    used 5756K, capacity 6723K, committed 6744K, reserved 1048576K

Card table byte_map: [0x0000000012130000,0x0000000012530000] byte_map_base: 0x0000000011d21000

Marking Bits: (ParMarkBitMap*) 0x000000006a645ce0
 Begin Bits: [0x0000000012fe0000, 0x0000000014f68000)
 End Bits:   [0x0000000014f68000, 0x0000000016ef0000)

Polling page: 0x0000000000ab0000

CodeCache: size=245760Kb used=17794Kb max_used=17794Kb free=227965Kb
 bounds [0x0000000002d70000, 0x0000000003ef0000, 0x0000000011d70000]
 total_blobs=5746 nmethods=5071 adapters=584
 compilation: enabled

Compilation events (10 events):
Event: 21.008 Thread 0x0000000019c52000 5763       3       java.awt.Component::eventTypeEnabled (487 bytes)
Event: 21.008 Thread 0x0000000019c52000 nmethod 5763 0x0000000003ebf090 code [0x0000000003ebf240, 0x0000000003ebfcb0]
Event: 21.008 Thread 0x0000000019c52000 5782       1       com.st.microxplorer.mcu.Pin::isStacked (5 bytes)
Event: 21.008 Thread 0x0000000019c52000 nmethod 5782 0x0000000003ebedd0 code [0x0000000003ebef20, 0x0000000003ebf030]
Event: 21.008 Thread 0x0000000019c52000 5774       1       javax.swing.plaf.basic.BasicTabbedPaneUI::access$500 (5 bytes)
Event: 21.008 Thread 0x0000000019c52000 nmethod 5774 0x0000000003ebeb10 code [0x0000000003ebec60, 0x0000000003ebed50]
Event: 21.008 Thread 0x0000000019c52000 5781       1       com.st.microxplorer.plugins.pinoutconfig.engine.AbstractGPin::isPowerPin (5 bytes)
Event: 21.008 Thread 0x0000000019c52000 nmethod 5781 0x0000000003ebe850 code [0x0000000003ebe9a0, 0x0000000003ebeab0]
Event: 21.008 Thread 0x0000000019c52000 5773       1       javax.swing.plaf.basic.BasicScrollBarUI::access$100 (5 bytes)
Event: 21.008 Thread 0x0000000019c52000 nmethod 5773 0x0000000003ebe590 code [0x0000000003ebe6e0, 0x0000000003ebe7d0]

GC Heap History (10 events):
Event: 18.179 GC heap after
Heap after GC invocations=13 (full 2):
 PSYoungGen      total 318464K, used 3514K [0x00000000d5f80000, 0x00000000f4400000, 0x0000000100000000)
  eden space 304640K, 0% used [0x00000000d5f80000,0x00000000d5f80000,0x00000000e8900000)
  from space 13824K, 25% used [0x00000000e8900000,0x00000000e8c6e9b8,0x00000000e9680000)
  to   space 13824K, 0% used [0x00000000f3680000,0x00000000f3680000,0x00000000f4400000)
 ParOldGen       total 72192K, used 24838K [0x0000000081e00000, 0x0000000086480000, 0x00000000d5f80000)
  object space 72192K, 34% used [0x0000000081e00000,0x0000000083641a58,0x0000000086480000)
 Metaspace       used 37705K, capacity 39968K, committed 40280K, reserved 1083392K
  class space    used 5002K, capacity 5966K, committed 5976K, reserved 1048576K
}
Event: 18.618 GC heap before
{Heap before GC invocations=14 (full 2):
 PSYoungGen      total 318464K, used 308154K [0x00000000d5f80000, 0x00000000f4400000, 0x0000000100000000)
  eden space 304640K, 100% used [0x00000000d5f80000,0x00000000e8900000,0x00000000e8900000)
  from space 13824K, 25% used [0x00000000e8900000,0x00000000e8c6e9b8,0x00000000e9680000)
  to   space 13824K, 0% used [0x00000000f3680000,0x00000000f3680000,0x00000000f4400000)
 ParOldGen       total 72192K, used 24838K [0x0000000081e00000, 0x0000000086480000, 0x00000000d5f80000)
  object space 72192K, 34% used [0x0000000081e00000,0x0000000083641a58,0x0000000086480000)
 Metaspace       used 37848K, capacity 40096K, committed 40280K, reserved 1083392K
  class space    used 5005K, capacity 5966K, committed 5976K, reserved 1048576K
Event: 18.624 GC heap after
Heap after GC invocations=14 (full 2):
 PSYoungGen      total 475136K, used 2911K [0x00000000d5f80000, 0x00000000f4080000, 0x0000000100000000)
  eden space 464896K, 0% used [0x00000000d5f80000,0x00000000d5f80000,0x00000000f2580000)
  from space 10240K, 28% used [0x00000000f3680000,0x00000000f3957d68,0x00000000f4080000)
  to   space 13824K, 0% used [0x00000000f2580000,0x00000000f2580000,0x00000000f3300000)
 ParOldGen       total 72192K, used 27818K [0x0000000081e00000, 0x0000000086480000, 0x00000000d5f80000)
  object space 72192K, 38% used [0x0000000081e00000,0x000000008392a928,0x0000000086480000)
 Metaspace       used 37848K, capacity 40096K, committed 40280K, reserved 1083392K
  class space    used 5005K, capacity 5966K, committed 5976K, reserved 1048576K
}
Event: 18.663 GC heap before
{Heap before GC invocations=15 (full 2):
 PSYoungGen      total 475136K, used 467807K [0x00000000d5f80000, 0x00000000f4080000, 0x0000000100000000)
  eden space 464896K, 100% used [0x00000000d5f80000,0x00000000f2580000,0x00000000f2580000)
  from space 10240K, 28% used [0x00000000f3680000,0x00000000f3957d68,0x00000000f4080000)
  to   space 13824K, 0% used [0x00000000f2580000,0x00000000f2580000,0x00000000f3300000)
 ParOldGen       total 72192K, used 27818K [0x0000000081e00000, 0x0000000086480000, 0x00000000d5f80000)
  object space 72192K, 38% used [0x0000000081e00000,0x000000008392a928,0x0000000086480000)
 Metaspace       used 37852K, capacity 40096K, committed 40280K, reserved 1083392K
  class space    used 5005K, capacity 5966K, committed 5976K, reserved 1048576K
Event: 18.666 GC heap after
Heap after GC invocations=15 (full 2):
 PSYoungGen      total 478720K, used 352K [0x00000000d5f80000, 0x00000000f4080000, 0x0000000100000000)
  eden space 464896K, 0% used [0x00000000d5f80000,0x00000000d5f80000,0x00000000f2580000)
  from space 13824K, 2% used [0x00000000f2580000,0x00000000f25d8000,0x00000000f3300000)
  to   space 10240K, 0% used [0x00000000f3680000,0x00000000f3680000,0x00000000f4080000)
 ParOldGen       total 72192K, used 29386K [0x0000000081e00000, 0x0000000086480000, 0x00000000d5f80000)
  object space 72192K, 40% used [0x0000000081e00000,0x0000000083ab2948,0x0000000086480000)
 Metaspace       used 37852K, capacity 40096K, committed 40280K, reserved 1083392K
  class space    used 5005K, capacity 5966K, committed 5976K, reserved 1048576K
}
Event: 18.697 GC heap before
{Heap before GC invocations=16 (full 2):
 PSYoungGen      total 478720K, used 465248K [0x00000000d5f80000, 0x00000000f4080000, 0x0000000100000000)
  eden space 464896K, 100% used [0x00000000d5f80000,0x00000000f2580000,0x00000000f2580000)
  from space 13824K, 2% used [0x00000000f2580000,0x00000000f25d8000,0x00000000f3300000)
  to   space 10240K, 0% used [0x00000000f3680000,0x00000000f3680000,0x00000000f4080000)
 ParOldGen       total 72192K, used 29386K [0x0000000081e00000, 0x0000000086480000, 0x00000000d5f80000)
  object space 72192K, 40% used [0x0000000081e00000,0x0000000083ab2948,0x0000000086480000)
 Metaspace       used 37852K, capacity 40096K, committed 40280K, reserved 1083392K
  class space    used 5005K, capacity 5966K, committed 5976K, reserved 1048576K
Event: 18.699 GC heap after
Heap after GC invocations=16 (full 2):
 PSYoungGen      total 475136K, used 416K [0x00000000d5f80000, 0x00000000f4080000, 0x0000000100000000)
  eden space 464896K, 0% used [0x00000000d5f80000,0x00000000d5f80000,0x00000000f2580000)
  from space 10240K, 4% used [0x00000000f3680000,0x00000000f36e8000,0x00000000f4080000)
  to   space 13824K, 0% used [0x00000000f2580000,0x00000000f2580000,0x00000000f3300000)
 ParOldGen       total 72192K, used 29402K [0x0000000081e00000, 0x0000000086480000, 0x00000000d5f80000)
  object space 72192K, 40% used [0x0000000081e00000,0x0000000083ab6948,0x0000000086480000)
 Metaspace       used 37852K, capacity 40096K, committed 40280K, reserved 1083392K
  class space    used 5005K, capacity 5966K, committed 5976K, reserved 1048576K
}
Event: 21.022 GC heap before
{Heap before GC invocations=17 (full 2):
 PSYoungGen      total 475136K, used 450481K [0x00000000d5f80000, 0x00000000f4080000, 0x0000000100000000)
  eden space 464896K, 96% used [0x00000000d5f80000,0x00000000f1704738,0x00000000f2580000)
  from space 10240K, 4% used [0x00000000f3680000,0x00000000f36e8000,0x00000000f4080000)
  to   space 13824K, 0% used [0x00000000f2580000,0x00000000f2580000,0x00000000f3300000)
 ParOldGen       total 72192K, used 29402K [0x0000000081e00000, 0x0000000086480000, 0x00000000d5f80000)
  object space 72192K, 40% used [0x0000000081e00000,0x0000000083ab6948,0x0000000086480000)
 Metaspace       used 43089K, capacity 45362K, committed 45656K, reserved 1087488K
  class space    used 5756K, capacity 6723K, committed 6744K, reserved 1048576K
Event: 21.100 GC heap after
Heap after GC invocations=17 (full 2):
 PSYoungGen      total 478720K, used 13822K [0x00000000d5f80000, 0x00000000f4080000, 0x0000000100000000)
  eden space 464896K, 0% used [0x00000000d5f80000,0x00000000d5f80000,0x00000000f2580000)
  from space 13824K, 99% used [0x00000000f2580000,0x00000000f32ff8a0,0x00000000f3300000)
  to   space 10240K, 0% used [0x00000000f3680000,0x00000000f3680000,0x00000000f4080000)
 ParOldGen       total 80384K, used 79909K [0x0000000081e00000, 0x0000000086c80000, 0x00000000d5f80000)
  object space 80384K, 99% used [0x0000000081e00000,0x0000000086c096c8,0x0000000086c80000)
 Metaspace       used 43089K, capacity 45362K, committed 45656K, reserved 1087488K
  class space    used 5756K, capacity 6723K, committed 6744K, reserved 1048576K
}
Event: 21.101 GC heap before
{Heap before GC invocations=18 (full 3):
 PSYoungGen      total 478720K, used 13822K [0x00000000d5f80000, 0x00000000f4080000, 0x0000000100000000)
  eden space 464896K, 0% used [0x00000000d5f80000,0x00000000d5f80000,0x00000000f2580000)
  from space 13824K, 99% used [0x00000000f2580000,0x00000000f32ff8a0,0x00000000f3300000)
  to   space 10240K, 0% used [0x00000000f3680000,0x00000000f3680000,0x00000000f4080000)
 ParOldGen       total 80384K, used 79909K [0x0000000081e00000, 0x0000000086c80000, 0x00000000d5f80000)
  object space 80384K, 99% used [0x0000000081e00000,0x0000000086c096c8,0x0000000086c80000)
 Metaspace       used 43089K, capacity 45362K, committed 45656K, reserved 1087488K
  class space    used 5756K, capacity 6723K, committed 6744K, reserved 1048576K

Deoptimization events (10 events):
Event: 20.591 Thread 0x000000001ab49800 Uncommon trap: reason=unstable_if action=reinterpret pc=0x00000000039be83c method=java.awt.Component.setForeground(Ljava/awt/Color;)V @ 16
Event: 20.645 Thread 0x000000001ab49800 Uncommon trap: reason=unstable_if action=reinterpret pc=0x0000000003b67b0c method=java.security.AccessControlContext.combine([Ljava/security/ProtectionDomain;[Ljava/security/ProtectionDomain;)[Ljava/security/ProtectionDomain; @ 162
Event: 20.650 Thread 0x000000001ab49800 Uncommon trap: reason=unstable_if action=reinterpret pc=0x000000000318e484 method=java.security.AccessControlContext.combine([Ljava/security/ProtectionDomain;[Ljava/security/ProtectionDomain;)[Ljava/security/ProtectionDomain; @ 162
Event: 20.680 Thread 0x0000000019c54800 Uncommon trap: reason=unstable_if action=reinterpret pc=0x0000000003c71894 method=sun.misc.FloatingDecimal.readJavaFormatString(Ljava/lang/String;)Lsun/misc/FloatingDecimal$ASCIIToBinaryConverter; @ 396
Event: 20.680 Thread 0x0000000019c54800 Uncommon trap: reason=unstable_if action=reinterpret pc=0x00000000033ff888 method=sun.misc.FloatingDecimal$ASCIIToBinaryBuffer.doubleValue()D @ 175
Event: 20.826 Thread 0x000000001ab49800 Uncommon trap: reason=bimorphic action=maybe_recompile pc=0x0000000003a2e9b8 method=java.util.AbstractCollection.toArray([Ljava/lang/Object;)[Ljava/lang/Object; @ 1
Event: 20.846 Thread 0x000000001ab49800 Uncommon trap: reason=unstable_if action=reinterpret pc=0x0000000003bb39bc method=java.awt.font.FontRenderContext.equals(Ljava/awt/font/FontRenderContext;)Z @ 35
Event: 20.847 Thread 0x000000001ab49800 Uncommon trap: reason=unstable_if action=reinterpret pc=0x0000000003b9a788 method=java.awt.font.FontRenderContext.equals(Ljava/awt/font/FontRenderContext;)Z @ 35
Event: 20.931 Thread 0x000000001ab49800 Uncommon trap: reason=unstable_if action=reinterpret pc=0x0000000003b05eb0 method=sun.awt.SunToolkit.getAppContext(Ljava/lang/Object;)Lsun/awt/AppContext; @ 4
Event: 20.988 Thread 0x000000001ab49800 Uncommon trap: reason=unstable_if action=reinterpret pc=0x0000000003d28254 method=java.awt.font.FontRenderContext.hashCode()I @ 4

Classes redefined (0 events):
No events

Internal exceptions (10 events):
Event: 20.506 Thread 0x000000001ab49800 Exception <a 'java/io/IOException'> (0x00000000eb11fe70) thrown at [C:\re\workspace\8-2-build-windows-amd64-cygwin\jdk8u221\13320\hotspot\src\share\vm\prims\jni.cpp, line 710]
Event: 20.506 Thread 0x000000001ab49800 Exception <a 'java/io/IOException'> (0x00000000eb1202e0) thrown at [C:\re\workspace\8-2-build-windows-amd64-cygwin\jdk8u221\13320\hotspot\src\share\vm\prims\jni.cpp, line 710]
Event: 20.547 Thread 0x0000000019c54800 Exception <a 'java/io/IOException'> (0x00000000eb206818) thrown at [C:\re\workspace\8-2-build-windows-amd64-cygwin\jdk8u221\13320\hotspot\src\share\vm\prims\jni.cpp, line 710]
Event: 20.548 Thread 0x0000000019c54800 Exception <a 'java/io/IOException'> (0x00000000eb206aa0) thrown at [C:\re\workspace\8-2-build-windows-amd64-cygwin\jdk8u221\13320\hotspot\src\share\vm\prims\jni.cpp, line 710]
Event: 20.550 Thread 0x000000001ab49800 Exception <a 'java/lang/NullPointerException'> (0x00000000eb78ac98) thrown at [C:\re\workspace\8-2-build-windows-amd64-cygwin\jdk8u221\13320\hotspot\src\share\vm\interpreter\linkResolver.cpp, line 1185]
Event: 20.552 Thread 0x000000001ab49800 Exception <a 'java/lang/NullPointerException'> (0x00000000eb7b5608) thrown at [C:\re\workspace\8-2-build-windows-amd64-cygwin\jdk8u221\13320\hotspot\src\share\vm\interpreter\linkResolver.cpp, line 1185]
Event: 20.573 Thread 0x000000001ab49800 Exception <a 'java/lang/NullPointerException'> (0x00000000ebe4b6d0) thrown at [C:\re\workspace\8-2-build-windows-amd64-cygwin\jdk8u221\13320\hotspot\src\share\vm\interpreter\linkResolver.cpp, line 1185]
Event: 20.575 Thread 0x000000001ab49800 Exception <a 'java/lang/NullPointerException'> (0x00000000ebe729f0) thrown at [C:\re\workspace\8-2-build-windows-amd64-cygwin\jdk8u221\13320\hotspot\src\share\vm\interpreter\linkResolver.cpp, line 1185]
Event: 20.590 Thread 0x000000001ab49800 Exception <a 'java/io/IOException'> (0x00000000ebf05b48) thrown at [C:\re\workspace\8-2-build-windows-amd64-cygwin\jdk8u221\13320\hotspot\src\share\vm\prims\jni.cpp, line 710]
Event: 20.590 Thread 0x000000001ab49800 Exception <a 'java/io/IOException'> (0x00000000ebf05fb8) thrown at [C:\re\workspace\8-2-build-windows-amd64-cygwin\jdk8u221\13320\hotspot\src\share\vm\prims\jni.cpp, line 710]

Events (10 events):
Event: 20.983 Thread 0x0000000019c54800 DEOPT UNPACKING pc=0x0000000002db7890 sp=0x000000001b9ae220 mode 0
Event: 20.983 Thread 0x0000000019c54800 DEOPT PACKING pc=0x0000000003e8c09b sp=0x000000001b9ae420
Event: 20.983 Thread 0x0000000019c54800 DEOPT UNPACKING pc=0x0000000002db7890 sp=0x000000001b9ae220 mode 0
Event: 20.983 Thread 0x0000000019c54800 DEOPT PACKING pc=0x0000000003e8c09b sp=0x000000001b9ae420
Event: 20.983 Thread 0x0000000019c54800 DEOPT UNPACKING pc=0x0000000002db7890 sp=0x000000001b9ae220 mode 0
Event: 20.988 Thread 0x000000001ab49800 Uncommon trap: trap_request=0xffffff65 fr.pc=0x0000000003d28254
Event: 20.988 Thread 0x000000001ab49800 DEOPT PACKING pc=0x0000000003d28254 sp=0x000000001c19bae0
Event: 20.988 Thread 0x000000001ab49800 DEOPT UNPACKING pc=0x0000000002db583b sp=0x000000001c19ba78 mode 2
Event: 20.997 loading class sun/java2d/pipe/ShapeSpanIterator
Event: 21.010 Executing VM operation: ParallelGCFailedAllocation


Dynamic libraries:
0x00007ff6dc570000 - 0x00007ff6dc5a7000 	E:\JAVA\bin\javaw.exe
0x00007ffd1aa20000 - 0x00007ffd1ac10000 	C:\WINDOWS\SYSTEM32\ntdll.dll
0x00007ffd18ad0000 - 0x00007ffd18b82000 	C:\WINDOWS\System32\KERNEL32.DLL
0x00007ffd17d20000 - 0x00007ffd17fc3000 	C:\WINDOWS\System32\KERNELBASE.dll
0x00007ffd19200000 - 0x00007ffd192a3000 	C:\WINDOWS\System32\ADVAPI32.dll
0x00007ffd1a6c0000 - 0x00007ffd1a75e000 	C:\WINDOWS\System32\msvcrt.dll
0x00007ffd19000000 - 0x00007ffd19097000 	C:\WINDOWS\System32\sechost.dll
0x00007ffd19380000 - 0x00007ffd194a0000 	C:\WINDOWS\System32\RPCRT4.dll
0x00007ffd18c40000 - 0x00007ffd18dd3000 	C:\WINDOWS\System32\USER32.dll
0x00007ffd17c50000 - 0x00007ffd17c71000 	C:\WINDOWS\System32\win32u.dll
0x00007ffd19a40000 - 0x00007ffd19a66000 	C:\WINDOWS\System32\GDI32.dll
0x00007ffd18000000 - 0x00007ffd18194000 	C:\WINDOWS\System32\gdi32full.dll
0x00007ffd182b0000 - 0x00007ffd1834e000 	C:\WINDOWS\System32\msvcp_win.dll
0x00007ffd17b50000 - 0x00007ffd17c4a000 	C:\WINDOWS\System32\ucrtbase.dll
0x00007ffd04db0000 - 0x00007ffd05035000 	C:\WINDOWS\WinSxS\amd64_microsoft.windows.common-controls_6595b64144ccf1df_6.0.18362.388_none_e6c6afa5130d5b6d\COMCTL32.dll
0x00007ffd19550000 - 0x00007ffd19886000 	C:\WINDOWS\System32\combase.dll
0x00007ffd17ca0000 - 0x00007ffd17d20000 	C:\WINDOWS\System32\bcryptPrimitives.dll
0x00007ffd19520000 - 0x00007ffd1954e000 	C:\WINDOWS\System32\IMM32.DLL
0x000000006a6d0000 - 0x000000006a7a2000 	E:\JAVA\bin\msvcr100.dll
0x0000000069e20000 - 0x000000006a6c5000 	E:\JAVA\bin\server\jvm.dll
0x00007ffd18f90000 - 0x00007ffd18f98000 	C:\WINDOWS\System32\PSAPI.DLL
0x00007ffd0b3b0000 - 0x00007ffd0b3b9000 	C:\WINDOWS\SYSTEM32\WSOCK32.dll
0x00007ffd0f8c0000 - 0x00007ffd0f8ca000 	C:\WINDOWS\SYSTEM32\VERSION.dll
0x00007ffd1a970000 - 0x00007ffd1a9df000 	C:\WINDOWS\System32\WS2_32.dll
0x00007ffd13250000 - 0x00007ffd13274000 	C:\WINDOWS\SYSTEM32\WINMM.dll
0x00007ffd13220000 - 0x00007ffd1324d000 	C:\WINDOWS\SYSTEM32\WINMMBASE.dll
0x00007ffd17b00000 - 0x00007ffd17b4a000 	C:\WINDOWS\System32\cfgmgr32.dll
0x00007ffd13970000 - 0x00007ffd1397f000 	E:\JAVA\bin\verify.dll
0x00007ffd0a4b0000 - 0x00007ffd0a4d9000 	E:\JAVA\bin\java.dll
0x00007ffd0faf0000 - 0x00007ffd0fb06000 	E:\JAVA\bin\zip.dll
0x00007ffd19a70000 - 0x00007ffd1a155000 	C:\WINDOWS\System32\SHELL32.dll
0x00007ffd19990000 - 0x00007ffd19a39000 	C:\WINDOWS\System32\shcore.dll
0x00007ffd18350000 - 0x00007ffd18acf000 	C:\WINDOWS\System32\windows.storage.dll
0x00007ffd17900000 - 0x00007ffd1791f000 	C:\WINDOWS\System32\profapi.dll
0x00007ffd17940000 - 0x00007ffd1798a000 	C:\WINDOWS\System32\powrprof.dll
0x00007ffd178f0000 - 0x00007ffd17900000 	C:\WINDOWS\System32\UMPDC.dll
0x00007ffd18fa0000 - 0x00007ffd18ff2000 	C:\WINDOWS\System32\shlwapi.dll
0x00007ffd17920000 - 0x00007ffd17931000 	C:\WINDOWS\System32\kernel.appcore.dll
0x00007ffd17c80000 - 0x00007ffd17c97000 	C:\WINDOWS\System32\cryptsp.dll
0x00007ffce8ff0000 - 0x00007ffce9189000 	E:\JAVA\bin\awt.dll
0x00007ffd1a5f0000 - 0x00007ffd1a6b4000 	C:\WINDOWS\System32\OLEAUT32.dll
0x00007ffd15010000 - 0x00007ffd1509f000 	C:\WINDOWS\SYSTEM32\apphelp.dll
0x00007ffd15d00000 - 0x00007ffd15d2d000 	C:\WINDOWS\system32\DWMAPI.DLL
0x00007ffd15160000 - 0x00007ffd151f9000 	C:\WINDOWS\system32\uxtheme.dll
0x00007ffd081a0000 - 0x00007ffd082f6000 	C:\WINDOWS\system32\opengl32.dll
0x00007ffd10390000 - 0x00007ffd103bc000 	C:\WINDOWS\SYSTEM32\GLU32.dll
0x00007ffd16560000 - 0x00007ffd16580000 	C:\WINDOWS\SYSTEM32\dxcore.dll
0x00007ffd1a7c0000 - 0x00007ffd1a8f6000 	C:\WINDOWS\System32\MSCTF.dll
0x00007ffd190a0000 - 0x00007ffd191f6000 	C:\WINDOWS\System32\ole32.dll
0x00007ffd16cd0000 - 0x00007ffd16d03000 	C:\WINDOWS\system32\rsaenh.dll
0x00007ffd17fd0000 - 0x00007ffd17ff6000 	C:\WINDOWS\System32\bcrypt.dll
0x00007ffd177e0000 - 0x00007ffd17805000 	C:\WINDOWS\SYSTEM32\USERENV.dll
0x00007ffd17330000 - 0x00007ffd1733c000 	C:\WINDOWS\SYSTEM32\CRYPTBASE.dll
0x00007ffd0a900000 - 0x00007ffd0a91a000 	E:\JAVA\bin\net.dll
0x00007ffd06c40000 - 0x00007ffd06e16000 	C:\WINDOWS\SYSTEM32\urlmon.dll
0x00007ffd079d0000 - 0x00007ffd07c76000 	C:\WINDOWS\SYSTEM32\iertutil.dll
0x00007ffd17160000 - 0x00007ffd171c7000 	C:\WINDOWS\system32\mswsock.dll
0x00007ffd16e70000 - 0x00007ffd16eaa000 	C:\WINDOWS\SYSTEM32\IPHLPAPI.DLL
0x00007ffd198a0000 - 0x00007ffd198a8000 	C:\WINDOWS\System32\NSI.dll
0x00007ffd11a30000 - 0x00007ffd11a46000 	C:\WINDOWS\SYSTEM32\dhcpcsvc6.DLL
0x00007ffd0fa20000 - 0x00007ffd0fa3c000 	C:\WINDOWS\SYSTEM32\dhcpcsvc.DLL
0x00007ffd16eb0000 - 0x00007ffd16f7a000 	C:\WINDOWS\SYSTEM32\DNSAPI.dll
0x00007ffd087c0000 - 0x00007ffd087d2000 	E:\JAVA\bin\nio.dll
0x00007ffd02640000 - 0x00007ffd02689000 	E:\JAVA\bin\fontmanager.dll
0x00007ffcfa300000 - 0x00007ffcfa342000 	E:\JAVA\bin\t2k.dll
0x00007ffd11d20000 - 0x00007ffd11d2a000 	C:\Windows\System32\rasadhlp.dll
0x00007ffd11e70000 - 0x00007ffd11e7d000 	E:\JAVA\bin\management.dll
0x00007ffd122c0000 - 0x00007ffd122d6000 	C:\WINDOWS\system32\napinsp.dll
0x00007ffd122a0000 - 0x00007ffd122ba000 	C:\WINDOWS\system32\pnrpnsp.dll
0x00007ffd12770000 - 0x00007ffd1277e000 	C:\WINDOWS\System32\winrnr.dll
0x00007ffd13630000 - 0x00007ffd1364c000 	C:\WINDOWS\system32\NLAapi.dll
0x00007ffd12280000 - 0x00007ffd12295000 	C:\WINDOWS\system32\wshbth.dll
0x00007ffd12490000 - 0x00007ffd12507000 	C:\WINDOWS\System32\fwpuclnt.dll
0x00007ffd06260000 - 0x00007ffd06309000 	C:\WINDOWS\WinSxS\amd64_microsoft.windows.common-controls_6595b64144ccf1df_5.82.18362.388_none_2a2ad5804667037c\comctl32.dll
0x00007ffd18b90000 - 0x00007ffd18c32000 	C:\WINDOWS\System32\clbcatq.dll
0x00007ffd15710000 - 0x00007ffd157ff000 	C:\WINDOWS\SYSTEM32\PROPSYS.dll
0x00007ffd132f0000 - 0x00007ffd13306000 	C:\WINDOWS\system32\NetworkExplorer.dll
0x00007ffd00420000 - 0x00007ffd0043b000 	C:\WINDOWS\SYSTEM32\MPR.dll
0x00007ffd0b1e0000 - 0x00007ffd0b1eb000 	C:\WINDOWS\System32\drprov.dll
0x00007ffd16980000 - 0x00007ffd169dc000 	C:\WINDOWS\System32\WINSTA.dll
0x00007ffcff6e0000 - 0x00007ffcff6f5000 	C:\WINDOWS\System32\ntlanman.dll
0x00007ffcfe9a0000 - 0x00007ffcfe9bd000 	C:\WINDOWS\System32\davclnt.dll
0x00007ffd01e40000 - 0x00007ffd01e4c000 	C:\WINDOWS\System32\DAVHLPR.dll
0x00007ffd12910000 - 0x00007ffd12927000 	C:\WINDOWS\System32\wkscli.dll
0x00007ffcf37f0000 - 0x00007ffcf3802000 	C:\WINDOWS\SYSTEM32\cscapi.dll
0x00007ffd16f80000 - 0x00007ffd16f8c000 	C:\WINDOWS\System32\netutils.dll
0x00007ffcedb90000 - 0x00007ffcedbe3000 	C:\Windows\System32\dlnashext.dll
0x00007ffcf5070000 - 0x00007ffcf50d4000 	C:\Windows\System32\PlayToDevice.dll
0x00007ffd150a0000 - 0x00007ffd150c0000 	C:\Windows\System32\DevDispItemProvider.dll
0x00007ffd10600000 - 0x00007ffd10672000 	C:\WINDOWS\System32\MMDevApi.dll
0x00007ffd176f0000 - 0x00007ffd1771a000 	C:\WINDOWS\System32\DEVOBJ.dll
0x00007ffce2ec0000 - 0x00007ffce2f5b000 	C:\WINDOWS\system32\wpdshext.dll
0x00007ffd060b0000 - 0x00007ffd06253000 	C:\WINDOWS\WinSxS\amd64_microsoft.windows.gdiplus_6595b64144ccf1df_1.1.18362.388_none_17b1a28a6d9fd53b\gdiplus.dll
0x00007ffcf34c0000 - 0x00007ffcf355e000 	C:\Windows\System32\PortableDeviceApi.dll
0x00007ffd1a180000 - 0x00007ffd1a5f0000 	C:\WINDOWS\System32\SETUPAPI.dll
0x00007ffd181a0000 - 0x00007ffd181fc000 	C:\WINDOWS\System32\WINTRUST.dll
0x00007ffd17990000 - 0x00007ffd179a2000 	C:\WINDOWS\System32\MSASN1.dll
0x00007ffd179b0000 - 0x00007ffd17af9000 	C:\WINDOWS\System32\CRYPT32.dll
0x00007ffcf5120000 - 0x00007ffcf5150000 	C:\Windows\System32\PortableDeviceTypes.dll
0x00007ffd03b80000 - 0x00007ffd03bb7000 	C:\Windows\System32\EhStorShell.dll
0x00007ffd11ea0000 - 0x00007ffd11ec5000 	C:\Windows\System32\EhStorAPI.dll
0x00007ffd129a0000 - 0x00007ffd129b3000 	C:\Windows\System32\WTSAPI32.dll
0x00007ffd11660000 - 0x00007ffd1166d000 	C:\WINDOWS\SYSTEM32\LINKINFO.dll
0x00007ffd07cb0000 - 0x00007ffd07d43000 	C:\Windows\System32\appresolver.dll
0x00007ffd16800000 - 0x00007ffd16827000 	C:\Windows\System32\SLC.dll
0x00007ffd0f860000 - 0x00007ffd0f8bd000 	C:\Windows\System32\Bcp47Langs.dll
0x00007ffd167d0000 - 0x00007ffd167f6000 	C:\Windows\System32\sppc.dll
0x00007ffd01540000 - 0x00007ffd01571000 	E:\JAVA\bin\jpeg.dll
0x00007ffd10830000 - 0x00007ffd109df000 	C:\WINDOWS\SYSTEM32\WindowsCodecs.dll
0x00007ffd09f60000 - 0x00007ffd09f9a000 	C:\WINDOWS\system32\dataexchange.dll
0x00007ffd14010000 - 0x00007ffd1426b000 	C:\WINDOWS\system32\d3d11.dll
0x00007ffd146d0000 - 0x00007ffd148ab000 	C:\WINDOWS\system32\dcomp.dll
0x00007ffd165f0000 - 0x00007ffd166db000 	C:\WINDOWS\system32\dxgi.dll
0x00007ffd159b0000 - 0x00007ffd15c0a000 	C:\WINDOWS\system32\twinapi.appcore.dll
0x00007ffd15e10000 - 0x00007ffd15e39000 	C:\WINDOWS\system32\RMCLIENT.dll
0x00007ffd03920000 - 0x00007ffd0394a000 	E:\JAVA\bin\dcpr.dll

VM Arguments:
java_command: com.st.microxplorer.maingui.STM32CubeMX C:\Users\48013\Desktop\DAC\DAC.ioc
java_class_path (initial): E:\STM32CubeMX\STM32CubeMX.exe;anything
Launcher Type: SUN_STANDARD

Environment Variables:
PATH=E:\STM32CubeMX\;C:\Program Files (x86)\Common Files\Oracle\Java\javapath;C:\Program Files (x86)\Intel\Intel(R) Management Engine Components\iCLS\;C:\Program Files\Intel\Intel(R) Management Engine Components\iCLS\;C:\Windows\system32;C:\Windows;C:\Windows\System32\Wbem;C:\Windows\System32\WindowsPowerShell\v1.0\;C:\Program Files (x86)\Intel\Intel(R) Management Engine Components\DAL;C:\Program Files\Intel\Intel(R) Management Engine Components\DAL;C:\Program Files (x86)\Intel\Intel(R) Management Engine Components\IPT;C:\Program Files\Intel\Intel(R) Management Engine Components\IPT;C:\Program Files (x86)\NVIDIA Corporation\PhysX\Common;C:\WINDOWS\system32;C:\WINDOWS;C:\WINDOWS\System32\Wbem;C:\WINDOWS\System32\WindowsPowerShell\v1.0\;C:\WINDOWS\System32\OpenSSH\;D:\Sublime Text 3;C:\Program Files\dotnet\;E:\Git\cmd;D:\Node\;D:\Python\Scripts\;D:\Python\;C:\Users\48013\AppData\Local\Microsoft\WindowsApps;C:\Users\48013\AppData\Roaming\npm;;E:\JAVA\bin
USERNAME=48013
OS=Windows_NT
PROCESSOR_IDENTIFIER=Intel64 Family 6 Model 158 Stepping 10, GenuineIntel



---------------  S Y S T E M  ---------------

OS: Windows 10.0 , 64 bit Build 18362 (10.0.18362.329)

CPU:total 8 (initial active 8) (4 cores per cpu, 2 threads per core) family 6 model 158 stepping 10, cmov, cx8, fxsr, mmx, sse, sse2, sse3, ssse3, sse4.1, sse4.2, popcnt, avx, avx2, aes, clmul, erms, 3dnowpref, lzcnt, ht, tsc, tscinvbit, bmi1, bmi2, adx

Memory: 4k page, physical 8259892k(210504k free), swap 16124208k(904k free)

vm_info: Java HotSpot(TM) 64-Bit Server VM (25.221-b11) for windows-amd64 JRE (1.8.0_221-b11), built on Jul  4 2019 04:39:29 by "java_re" with MS VC++ 10.0 (VS2010)

time: Sun Oct 13 19:29:16 2019
timezone: 中国标准时间
elapsed time: 21 seconds (0d 0h 0m 21s)

