#
# There is insufficient memory for the Java Runtime Environment to continue.
# Native memory allocation (malloc) failed to allocate 612896 bytes for Chunk::new
# Possible reasons:
#   The system is out of physical RAM or swap space
#   The process is running with CompressedOops enabled, and the Java Heap may be blocking the growth of the native heap
# Possible solutions:
#   Reduce memory load on the system
#   Increase physical memory or swap space
#   Check if swap backing store is full
#   Decrease Java heap size (-Xmx/-Xms)
#   Decrease number of Java threads
#   Decrease Java thread stack sizes (-Xss)
#   Set larger code cache with -XX:ReservedCodeCacheSize=
#   JVM is running with Unscaled Compressed Oops mode in which the Java heap is
#     placed in the first 4GB address space. The Java Heap base address is the
#     maximum limit for the native heap growth. Please use -XX:HeapBaseMinAddress
#     to set the Java Heap base and to place the Java Heap above 4GB virtual address.
# This output file may be truncated or incomplete.
#
#  Out of Memory Error (allocation.cpp:389), pid=8864, tid=0x0000000000004bc0
#
# JRE version: Java(TM) SE Runtime Environment (8.0_221-b11) (build 1.8.0_221-b11)
# Java VM: Java HotSpot(TM) 64-Bit Server VM (25.221-b11 mixed mode windows-amd64 compressed oops)
# Failed to write core dump. Minidumps are not enabled by default on client versions of Windows
#

---------------  T H R E A D  ---------------

Current thread (0x0000000019a49800):  JavaThread "C2 CompilerThread1" daemon [_thread_in_native, id=19392, stack(0x000000001a1c0000,0x000000001a2c0000)]

Stack: [0x000000001a1c0000,0x000000001a2c0000]
[error occurred during error reporting (printing stack bounds), id 0xc0000005]

Native frames: (J=compiled Java code, j=interpreted, Vv=VM code, C=native code)


Current CompileTask:
C2:  16827 3137   !   4       com.sun.org.apache.xerces.internal.impl.XMLDocumentFragmentScannerImpl$FragmentContentDriver::next (2346 bytes)


---------------  P R O C E S S  ---------------

Java Threads: ( => current thread )
  0x000000001cf16800 Thread [stack: 0x000000001fec0000,0x000000001ffc0000] [id=0]
  0x000000001cf16000 JavaThread "TimerQueue" daemon [_thread_blocked, id=14568, stack(0x000000001f5c0000,0x000000001f6c0000)]
  0x000000001d083800 JavaThread "Swing-Shell" daemon [_thread_blocked, id=5876, stack(0x000000001ec90000,0x000000001ed90000)]
  0x000000001c65b000 JavaThread "Image Fetcher 0" daemon [_thread_blocked, id=8464, stack(0x000000001d3c0000,0x000000001d4c0000)]
  0x000000001c47e800 JavaThread "Thread-3" [_thread_blocked, id=16224, stack(0x000000001b800000,0x000000001b900000)]
  0x0000000002a7d800 JavaThread "DestroyJavaVM" [_thread_blocked, id=17724, stack(0x00000000028f0000,0x00000000029f0000)]
  0x000000001a9be800 JavaThread "SplashThread" [_thread_blocked, id=18856, stack(0x000000001bef0000,0x000000001bff0000)]
  0x000000001a9bb800 JavaThread "AWT-EventQueue-0" [_thread_in_Java, id=13120, stack(0x000000001bdf0000,0x000000001bef0000)]
  0x000000001a930000 JavaThread "AWT-Windows" daemon [_thread_in_native, id=18136, stack(0x000000001b200000,0x000000001b300000)]
  0x000000001a927000 JavaThread "AWT-Shutdown" [_thread_blocked, id=16884, stack(0x000000001b100000,0x000000001b200000)]
  0x000000001a926800 JavaThread "Java2D Disposer" daemon [_thread_blocked, id=13584, stack(0x000000001af70000,0x000000001b070000)]
  0x0000000019b04800 JavaThread "Service Thread" daemon [_thread_blocked, id=17600, stack(0x000000001a4c0000,0x000000001a5c0000)]
  0x0000000019a56800 JavaThread "C1 CompilerThread3" daemon [_thread_in_vm, id=13512, stack(0x000000001a3c0000,0x000000001a4c0000)]
  0x0000000019a4e800 JavaThread "C2 CompilerThread2" daemon [_thread_blocked, id=17736, stack(0x000000001a2c0000,0x000000001a3c0000)]
=>0x0000000019a49800 JavaThread "C2 CompilerThread1" daemon [_thread_in_native, id=19392, stack(0x000000001a1c0000,0x000000001a2c0000)]
  0x0000000019a46000 JavaThread "C2 CompilerThread0" daemon [_thread_in_native, id=16392, stack(0x000000001a0c0000,0x000000001a1c0000)]
  0x00000000199e5000 JavaThread "Attach Listener" daemon [_thread_blocked, id=17424, stack(0x0000000019fc0000,0x000000001a0c0000)]
  0x00000000199e4800 JavaThread "Signal Dispatcher" daemon [_thread_blocked, id=17012, stack(0x0000000019ec0000,0x0000000019fc0000)]
  0x0000000002b7e800 JavaThread "Finalizer" daemon [_thread_blocked, id=6168, stack(0x0000000019dc0000,0x0000000019ec0000)]
  0x0000000002b77000 JavaThread "Reference Handler" daemon [_thread_blocked, id=17800, stack(0x00000000198c0000,0x00000000199c0000)]

Other Threads:
  0x0000000017ae9000 VMThread [stack: 0x00000000197c0000,0x00000000198c0000] [id=13888]
  0x0000000019b07800 WatcherThread [stack: 0x000000001a5c0000,0x000000001a6c0000] [id=15336]

VM state:not at safepoint (normal execution)

VM Mutex/Monitor currently owned by a thread: None

heap address: 0x0000000081e00000, size: 2018 MB, Compressed Oops mode: 32-bit
Narrow klass base: 0x0000000000000000, Narrow klass shift: 3
Compressed class space size: 1073741824 Address: 0x0000000100000000

Heap:
 PSYoungGen      total 69120K, used 39225K [0x00000000d5f80000, 0x00000000da880000, 0x0000000100000000)
  eden space 64000K, 61% used [0x00000000d5f80000,0x00000000d85ce768,0x00000000d9e00000)
  from space 5120K, 0% used [0x00000000da380000,0x00000000da380000,0x00000000da880000)
  to   space 5120K, 0% used [0x00000000d9e80000,0x00000000d9e80000,0x00000000da380000)
 ParOldGen       total 70144K, used 17053K [0x0000000081e00000, 0x0000000086280000, 0x00000000d5f80000)
  object space 70144K, 24% used [0x0000000081e00000,0x0000000082ea7588,0x0000000086280000)
 Metaspace       used 36595K, capacity 38800K, committed 39128K, reserved 1083392K
  class space    used 4901K, capacity 5870K, committed 5888K, reserved 1048576K

Card table byte_map: [0x0000000011f40000,0x0000000012340000] byte_map_base: 0x0000000011b31000

Marking Bits: (ParMarkBitMap*) 0x000000006a645ce0
 Begin Bits: [0x0000000012df0000, 0x0000000014d78000)
 End Bits:   [0x0000000014d78000, 0x0000000016d00000)

Polling page: 0x0000000000ce0000

CodeCache: size=245760Kb used=9284Kb max_used=9318Kb free=236475Kb
 bounds [0x0000000002b80000, 0x00000000034b0000, 0x0000000011b80000]
 total_blobs=3528 nmethods=2910 adapters=530
 compilation: enabled

Compilation events (10 events):
Event: 16.816 Thread 0x0000000019a56800 nmethod 3178 0x0000000002f91650 code [0x0000000002f917e0, 0x0000000002f91bb8]
Event: 16.816 Thread 0x0000000019a56800 3179       3       com.sun.org.apache.xerces.internal.impl.XMLDocumentFragmentScannerImpl::refresh (48 bytes)
Event: 16.816 Thread 0x0000000019a46000 3180       4       com.sun.org.apache.xerces.internal.impl.XMLDocumentFragmentScannerImpl$ElementStack::popElement (59 bytes)
Event: 16.816 Thread 0x0000000019a56800 nmethod 3179 0x0000000002d7bb50 code [0x0000000002d7bd00, 0x0000000002d7c278]
Event: 16.816 Thread 0x0000000019a56800 3176       3       com.sun.org.apache.xerces.internal.util.AugmentationsImpl::<init> (17 bytes)
Event: 16.816 Thread 0x0000000019a56800 nmethod 3176 0x0000000002f1d150 code [0x0000000002f1d2c0, 0x0000000002f1d6b0]
Event: 16.816 Thread 0x0000000019a56800 3177       3       com.sun.org.apache.xerces.internal.util.AugmentationsImpl$SmallContainer::<init> (25 bytes)
Event: 16.817 Thread 0x0000000019a56800 nmethod 3177 0x0000000002fb1750 code [0x0000000002fb18c0, 0x0000000002fb1bb0]
Event: 16.817 Thread 0x0000000019a46000 nmethod 3180 0x0000000002eb8c50 code [0x0000000002eb8da0, 0x0000000002eb8e98]
Event: 16.818 Thread 0x0000000019a46000 3181       4       com.sun.org.apache.xerces.internal.dom.DeferredDocumentImpl::clearChunkValue (69 bytes)

GC Heap History (10 events):
Event: 11.146 GC heap before
{Heap before GC invocations=2 (full 0):
 PSYoungGen      total 38400K, used 7271K [0x00000000d5f80000, 0x00000000d8a00000, 0x0000000100000000)
  eden space 33280K, 6% used [0x00000000d5f80000,0x00000000d619ab68,0x00000000d8000000)
  from space 5120K, 99% used [0x00000000d8000000,0x00000000d84ff378,0x00000000d8500000)
  to   space 5120K, 0% used [0x00000000d8500000,0x00000000d8500000,0x00000000d8a00000)
 ParOldGen       total 87552K, used 9148K [0x0000000081e00000, 0x0000000087380000, 0x00000000d5f80000)
  object space 87552K, 10% used [0x0000000081e00000,0x00000000826ef1f8,0x0000000087380000)
 Metaspace       used 20712K, capacity 21082K, committed 21248K, reserved 1067008K
  class space    used 2635K, capacity 2746K, committed 2816K, reserved 1048576K
Event: 11.150 GC heap after
Heap after GC invocations=2 (full 0):
 PSYoungGen      total 38400K, used 4212K [0x00000000d5f80000, 0x00000000daa80000, 0x0000000100000000)
  eden space 33280K, 0% used [0x00000000d5f80000,0x00000000d5f80000,0x00000000d8000000)
  from space 5120K, 82% used [0x00000000d8500000,0x00000000d891d300,0x00000000d8a00000)
  to   space 5120K, 0% used [0x00000000d8000000,0x00000000d8000000,0x00000000d8500000)
 ParOldGen       total 87552K, used 9156K [0x0000000081e00000, 0x0000000087380000, 0x00000000d5f80000)
  object space 87552K, 10% used [0x0000000081e00000,0x00000000826f11f8,0x0000000087380000)
 Metaspace       used 20712K, capacity 21082K, committed 21248K, reserved 1067008K
  class space    used 2635K, capacity 2746K, committed 2816K, reserved 1048576K
}
Event: 11.150 GC heap before
{Heap before GC invocations=3 (full 1):
 PSYoungGen      total 38400K, used 4212K [0x00000000d5f80000, 0x00000000daa80000, 0x0000000100000000)
  eden space 33280K, 0% used [0x00000000d5f80000,0x00000000d5f80000,0x00000000d8000000)
  from space 5120K, 82% used [0x00000000d8500000,0x00000000d891d300,0x00000000d8a00000)
  to   space 5120K, 0% used [0x00000000d8000000,0x00000000d8000000,0x00000000d8500000)
 ParOldGen       total 87552K, used 9156K [0x0000000081e00000, 0x0000000087380000, 0x00000000d5f80000)
  object space 87552K, 10% used [0x0000000081e00000,0x00000000826f11f8,0x0000000087380000)
 Metaspace       used 20712K, capacity 21082K, committed 21248K, reserved 1067008K
  class space    used 2635K, capacity 2746K, committed 2816K, reserved 1048576K
Event: 11.180 GC heap after
Heap after GC invocations=3 (full 1):
 PSYoungGen      total 38400K, used 0K [0x00000000d5f80000, 0x00000000daa80000, 0x0000000100000000)
  eden space 33280K, 0% used [0x00000000d5f80000,0x00000000d5f80000,0x00000000d8000000)
  from space 5120K, 0% used [0x00000000d8500000,0x00000000d8500000,0x00000000d8a00000)
  to   space 5120K, 0% used [0x00000000d8000000,0x00000000d8000000,0x00000000d8500000)
 ParOldGen       total 54272K, used 7362K [0x0000000081e00000, 0x0000000085300000, 0x00000000d5f80000)
  object space 54272K, 13% used [0x0000000081e00000,0x0000000082530ad8,0x0000000085300000)
 Metaspace       used 20712K, capacity 21082K, committed 21248K, reserved 1067008K
  class space    used 2635K, capacity 2746K, committed 2816K, reserved 1048576K
}
Event: 13.861 GC heap before
{Heap before GC invocations=4 (full 1):
 PSYoungGen      total 38400K, used 33280K [0x00000000d5f80000, 0x00000000daa80000, 0x0000000100000000)
  eden space 33280K, 100% used [0x00000000d5f80000,0x00000000d8000000,0x00000000d8000000)
  from space 5120K, 0% used [0x00000000d8500000,0x00000000d8500000,0x00000000d8a00000)
  to   space 5120K, 0% used [0x00000000d8000000,0x00000000d8000000,0x00000000d8500000)
 ParOldGen       total 54272K, used 7362K [0x0000000081e00000, 0x0000000085300000, 0x00000000d5f80000)
  object space 54272K, 13% used [0x0000000081e00000,0x0000000082530ad8,0x0000000085300000)
 Metaspace       used 29046K, capacity 31008K, committed 31104K, reserved 1075200K
  class space    used 3795K, capacity 4710K, committed 4736K, reserved 1048576K
Event: 13.866 GC heap after
Heap after GC invocations=4 (full 1):
 PSYoungGen      total 38400K, used 5110K [0x00000000d5f80000, 0x00000000da880000, 0x0000000100000000)
  eden space 33280K, 0% used [0x00000000d5f80000,0x00000000d5f80000,0x00000000d8000000)
  from space 5120K, 99% used [0x00000000d8000000,0x00000000d84fd9e0,0x00000000d8500000)
  to   space 5120K, 0% used [0x00000000da380000,0x00000000da380000,0x00000000da880000)
 ParOldGen       total 54272K, used 10126K [0x0000000081e00000, 0x0000000085300000, 0x00000000d5f80000)
  object space 54272K, 18% used [0x0000000081e00000,0x00000000827e3ba8,0x0000000085300000)
 Metaspace       used 29046K, capacity 31008K, committed 31104K, reserved 1075200K
  class space    used 3795K, capacity 4710K, committed 4736K, reserved 1048576K
}
Event: 15.906 GC heap before
{Heap before GC invocations=5 (full 1):
 PSYoungGen      total 38400K, used 37889K [0x00000000d5f80000, 0x00000000da880000, 0x0000000100000000)
  eden space 33280K, 98% used [0x00000000d5f80000,0x00000000d7f82b38,0x00000000d8000000)
  from space 5120K, 99% used [0x00000000d8000000,0x00000000d84fd9e0,0x00000000d8500000)
  to   space 5120K, 0% used [0x00000000da380000,0x00000000da380000,0x00000000da880000)
 ParOldGen       total 54272K, used 10126K [0x0000000081e00000, 0x0000000085300000, 0x00000000d5f80000)
  object space 54272K, 18% used [0x0000000081e00000,0x00000000827e3ba8,0x0000000085300000)
 Metaspace       used 33186K, capacity 35268K, committed 35416K, reserved 1079296K
  class space    used 4440K, capacity 5420K, committed 5504K, reserved 1048576K
Event: 15.915 GC heap after
Heap after GC invocations=5 (full 1):
 PSYoungGen      total 69120K, used 5091K [0x00000000d5f80000, 0x00000000da880000, 0x0000000100000000)
  eden space 64000K, 0% used [0x00000000d5f80000,0x00000000d5f80000,0x00000000d9e00000)
  from space 5120K, 99% used [0x00000000da380000,0x00000000da878f08,0x00000000da880000)
  to   space 5120K, 0% used [0x00000000d9e80000,0x00000000d9e80000,0x00000000da380000)
 ParOldGen       total 54272K, used 16167K [0x0000000081e00000, 0x0000000085300000, 0x00000000d5f80000)
  object space 54272K, 29% used [0x0000000081e00000,0x0000000082dc9f18,0x0000000085300000)
 Metaspace       used 33186K, capacity 35268K, committed 35416K, reserved 1079296K
  class space    used 4440K, capacity 5420K, committed 5504K, reserved 1048576K
}
Event: 15.915 GC heap before
{Heap before GC invocations=6 (full 2):
 PSYoungGen      total 69120K, used 5091K [0x00000000d5f80000, 0x00000000da880000, 0x0000000100000000)
  eden space 64000K, 0% used [0x00000000d5f80000,0x00000000d5f80000,0x00000000d9e00000)
  from space 5120K, 99% used [0x00000000da380000,0x00000000da878f08,0x00000000da880000)
  to   space 5120K, 0% used [0x00000000d9e80000,0x00000000d9e80000,0x00000000da380000)
 ParOldGen       total 54272K, used 16167K [0x0000000081e00000, 0x0000000085300000, 0x00000000d5f80000)
  object space 54272K, 29% used [0x0000000081e00000,0x0000000082dc9f18,0x0000000085300000)
 Metaspace       used 33186K, capacity 35268K, committed 35416K, reserved 1079296K
  class space    used 4440K, capacity 5420K, committed 5504K, reserved 1048576K
Event: 15.971 GC heap after
Heap after GC invocations=6 (full 2):
 PSYoungGen      total 69120K, used 0K [0x00000000d5f80000, 0x00000000da880000, 0x0000000100000000)
  eden space 64000K, 0% used [0x00000000d5f80000,0x00000000d5f80000,0x00000000d9e00000)
  from space 5120K, 0% used [0x00000000da380000,0x00000000da380000,0x00000000da880000)
  to   space 5120K, 0% used [0x00000000d9e80000,0x00000000d9e80000,0x00000000da380000)
 ParOldGen       total 70144K, used 17053K [0x0000000081e00000, 0x0000000086280000, 0x00000000d5f80000)
  object space 70144K, 24% used [0x0000000081e00000,0x0000000082ea7588,0x0000000086280000)
 Metaspace       used 33186K, capacity 35268K, committed 35416K, reserved 1079296K
  class space    used 4440K, capacity 5420K, committed 5504K, reserved 1048576K
}

Deoptimization events (10 events):
Event: 16.372 Thread 0x000000001a9bb800 Uncommon trap: reason=bimorphic action=maybe_recompile pc=0x0000000003293918 method=com.sun.org.apache.xerces.internal.dom.NamedNodeMapImpl.findNamePoint(Ljava/lang/String;I)I @ 57
Event: 16.410 Thread 0x000000001a9bb800 Uncommon trap: reason=unstable_if action=reinterpret pc=0x000000000324c378 method=com.sun.org.apache.xerces.internal.dom.DeferredDocumentImpl.clearChunkValue([[Ljava/lang/Object;II)Ljava/lang/String; @ 3
Event: 16.639 Thread 0x000000001a9bb800 Uncommon trap: reason=class_check action=maybe_recompile pc=0x00000000032cbe24 method=com.sun.org.apache.xerces.internal.impl.XMLDocumentFragmentScannerImpl$FragmentContentDriver.next()I @ 2223
Event: 16.640 Thread 0x000000001a9bb800 Uncommon trap: reason=unstable_if action=reinterpret pc=0x00000000032378c4 method=com.sun.org.apache.xerces.internal.util.SymbolTable.addSymbol([CII)Ljava/lang/String; @ 64
Event: 16.640 Thread 0x000000001a9bb800 Uncommon trap: reason=unstable_if action=reinterpret pc=0x0000000003483850 method=com.sun.org.apache.xerces.internal.impl.XMLScanner.scanAttributeValue(Lcom/sun/org/apache/xerces/internal/xni/XMLString;Lcom/sun/org/apache/xerces/internal/xni/XMLString;Lja
Event: 16.752 Thread 0x000000001a9bb800 Uncommon trap: reason=bimorphic action=maybe_recompile pc=0x000000000345f368 method=java.util.regex.Matcher.search(I)Z @ 86
Event: 16.752 Thread 0x000000001a9bb800 Uncommon trap: reason=bimorphic action=maybe_recompile pc=0x000000000345f368 method=java.util.regex.Matcher.search(I)Z @ 86
Event: 16.752 Thread 0x000000001a9bb800 Uncommon trap: reason=bimorphic action=maybe_recompile pc=0x000000000345f368 method=java.util.regex.Matcher.search(I)Z @ 86
Event: 16.756 Thread 0x000000001a9bb800 Uncommon trap: reason=bimorphic action=maybe_recompile pc=0x000000000345f368 method=java.util.regex.Matcher.search(I)Z @ 86
Event: 16.781 Thread 0x000000001a9bb800 Uncommon trap: reason=class_check action=maybe_recompile pc=0x00000000032cbe24 method=com.sun.org.apache.xerces.internal.impl.XMLDocumentFragmentScannerImpl$FragmentContentDriver.next()I @ 2223

Classes redefined (0 events):
No events

Internal exceptions (10 events):
Event: 16.305 Thread 0x000000001a9bb800 Exception <a 'java/io/IOException'> (0x00000000d6521258) thrown at [C:\re\workspace\8-2-build-windows-amd64-cygwin\jdk8u221\13320\hotspot\src\share\vm\prims\jni.cpp, line 710]
Event: 16.309 Thread 0x000000001a9bb800 Exception <a 'java/io/IOException'> (0x00000000d652c0b0) thrown at [C:\re\workspace\8-2-build-windows-amd64-cygwin\jdk8u221\13320\hotspot\src\share\vm\prims\jni.cpp, line 710]
Event: 16.309 Thread 0x000000001a9bb800 Exception <a 'java/io/IOException'> (0x00000000d652c520) thrown at [C:\re\workspace\8-2-build-windows-amd64-cygwin\jdk8u221\13320\hotspot\src\share\vm\prims\jni.cpp, line 710]
Event: 16.311 Thread 0x000000001a9bb800 Exception <a 'java/io/IOException'> (0x00000000d6539780) thrown at [C:\re\workspace\8-2-build-windows-amd64-cygwin\jdk8u221\13320\hotspot\src\share\vm\prims\jni.cpp, line 710]
Event: 16.311 Thread 0x000000001a9bb800 Exception <a 'java/io/IOException'> (0x00000000d6539bf0) thrown at [C:\re\workspace\8-2-build-windows-amd64-cygwin\jdk8u221\13320\hotspot\src\share\vm\prims\jni.cpp, line 710]
Event: 16.312 Thread 0x000000001a9bb800 Exception <a 'java/io/IOException'> (0x00000000d653b7e8) thrown at [C:\re\workspace\8-2-build-windows-amd64-cygwin\jdk8u221\13320\hotspot\src\share\vm\prims\jni.cpp, line 710]
Event: 16.312 Thread 0x000000001a9bb800 Exception <a 'java/io/IOException'> (0x00000000d653bc58) thrown at [C:\re\workspace\8-2-build-windows-amd64-cygwin\jdk8u221\13320\hotspot\src\share\vm\prims\jni.cpp, line 710]
Event: 16.312 Thread 0x000000001a9bb800 Exception <a 'java/io/IOException'> (0x00000000d653d4f8) thrown at [C:\re\workspace\8-2-build-windows-amd64-cygwin\jdk8u221\13320\hotspot\src\share\vm\prims\jni.cpp, line 710]
Event: 16.312 Thread 0x000000001a9bb800 Exception <a 'java/io/IOException'> (0x00000000d653d968) thrown at [C:\re\workspace\8-2-build-windows-amd64-cygwin\jdk8u221\13320\hotspot\src\share\vm\prims\jni.cpp, line 710]
Event: 16.410 Thread 0x000000001a9bb800 Implicit null exception at 0x000000000324c1de to 0x000000000324c361

Events (10 events):
Event: 16.801 Thread 0x000000001cf13800 Thread added: 0x000000001cf13800
Event: 16.801 Thread 0x000000001cf13800 Thread exited: 0x000000001cf13800
Event: 16.802 Thread 0x000000001cf15000 Thread added: 0x000000001cf15000
Event: 16.802 Thread 0x000000001cf15000 Thread exited: 0x000000001cf15000
Event: 16.802 Thread 0x000000001cf16800 Thread added: 0x000000001cf16800
Event: 16.802 Thread 0x000000001cf16800 Thread exited: 0x000000001cf16800
Event: 16.802 Thread 0x000000001cf14800 Thread added: 0x000000001cf14800
Event: 16.802 Thread 0x000000001cf14800 Thread exited: 0x000000001cf14800
Event: 16.802 Thread 0x000000001cf16800 Thread added: 0x000000001cf16800
Event: 16.803 Thread 0x000000001cf16800 Thread exited: 0x000000001cf16800


Dynamic libraries:
0x00007ff6dc570000 - 0x00007ff6dc5a7000 	E:\JAVA\bin\javaw.exe
0x00007ffd1aa20000 - 0x00007ffd1ac10000 	C:\WINDOWS\SYSTEM32\ntdll.dll
0x00007ffd18ad0000 - 0x00007ffd18b82000 	C:\WINDOWS\System32\KERNEL32.DLL
0x00007ffd17d20000 - 0x00007ffd17fc3000 	C:\WINDOWS\System32\KERNELBASE.dll
0x00007ffd19200000 - 0x00007ffd192a3000 	C:\WINDOWS\System32\ADVAPI32.dll
0x00007ffd1a6c0000 - 0x00007ffd1a75e000 	C:\WINDOWS\System32\msvcrt.dll
0x00007ffd19000000 - 0x00007ffd19097000 	C:\WINDOWS\System32\sechost.dll
0x00007ffd19380000 - 0x00007ffd194a0000 	C:\WINDOWS\System32\RPCRT4.dll
0x00007ffd18c40000 - 0x00007ffd18dd3000 	C:\WINDOWS\System32\USER32.dll
0x00007ffd17c50000 - 0x00007ffd17c71000 	C:\WINDOWS\System32\win32u.dll
0x00007ffd19a40000 - 0x00007ffd19a66000 	C:\WINDOWS\System32\GDI32.dll
0x00007ffd18000000 - 0x00007ffd18194000 	C:\WINDOWS\System32\gdi32full.dll
0x00007ffd182b0000 - 0x00007ffd1834e000 	C:\WINDOWS\System32\msvcp_win.dll
0x00007ffd17b50000 - 0x00007ffd17c4a000 	C:\WINDOWS\System32\ucrtbase.dll
0x00007ffd04db0000 - 0x00007ffd05035000 	C:\WINDOWS\WinSxS\amd64_microsoft.windows.common-controls_6595b64144ccf1df_6.0.18362.388_none_e6c6afa5130d5b6d\COMCTL32.dll
0x00007ffd19550000 - 0x00007ffd19886000 	C:\WINDOWS\System32\combase.dll
0x00007ffd17ca0000 - 0x00007ffd17d20000 	C:\WINDOWS\System32\bcryptPrimitives.dll
0x00007ffd19520000 - 0x00007ffd1954e000 	C:\WINDOWS\System32\IMM32.DLL
0x000000006a6d0000 - 0x000000006a7a2000 	E:\JAVA\bin\msvcr100.dll
0x0000000069e20000 - 0x000000006a6c5000 	E:\JAVA\bin\server\jvm.dll
0x00007ffd18f90000 - 0x00007ffd18f98000 	C:\WINDOWS\System32\PSAPI.DLL
0x00007ffd0f8c0000 - 0x00007ffd0f8ca000 	C:\WINDOWS\SYSTEM32\VERSION.dll
0x00007ffd0b3b0000 - 0x00007ffd0b3b9000 	C:\WINDOWS\SYSTEM32\WSOCK32.dll
0x00007ffd13250000 - 0x00007ffd13274000 	C:\WINDOWS\SYSTEM32\WINMM.dll
0x00007ffd1a970000 - 0x00007ffd1a9df000 	C:\WINDOWS\System32\WS2_32.dll
0x00007ffd13220000 - 0x00007ffd1324d000 	C:\WINDOWS\SYSTEM32\WINMMBASE.dll
0x00007ffd17b00000 - 0x00007ffd17b4a000 	C:\WINDOWS\System32\cfgmgr32.dll
0x00007ffd13970000 - 0x00007ffd1397f000 	E:\JAVA\bin\verify.dll
0x00007ffd0a4b0000 - 0x00007ffd0a4d9000 	E:\JAVA\bin\java.dll
0x00007ffd0faf0000 - 0x00007ffd0fb06000 	E:\JAVA\bin\zip.dll
0x00007ffd19a70000 - 0x00007ffd1a155000 	C:\WINDOWS\System32\SHELL32.dll
0x00007ffd19990000 - 0x00007ffd19a39000 	C:\WINDOWS\System32\shcore.dll
0x00007ffd18350000 - 0x00007ffd18acf000 	C:\WINDOWS\System32\windows.storage.dll
0x00007ffd17900000 - 0x00007ffd1791f000 	C:\WINDOWS\System32\profapi.dll
0x00007ffd17940000 - 0x00007ffd1798a000 	C:\WINDOWS\System32\powrprof.dll
0x00007ffd178f0000 - 0x00007ffd17900000 	C:\WINDOWS\System32\UMPDC.dll
0x00007ffd18fa0000 - 0x00007ffd18ff2000 	C:\WINDOWS\System32\shlwapi.dll
0x00007ffd17920000 - 0x00007ffd17931000 	C:\WINDOWS\System32\kernel.appcore.dll
0x00007ffd17c80000 - 0x00007ffd17c97000 	C:\WINDOWS\System32\cryptsp.dll
0x00007ffce3be0000 - 0x00007ffce3d79000 	E:\JAVA\bin\awt.dll
0x00007ffd1a5f0000 - 0x00007ffd1a6b4000 	C:\WINDOWS\System32\OLEAUT32.dll
0x00007ffd15010000 - 0x00007ffd1509f000 	C:\WINDOWS\SYSTEM32\apphelp.dll
0x00007ffd15d00000 - 0x00007ffd15d2d000 	C:\WINDOWS\system32\DWMAPI.DLL
0x00007ffd15160000 - 0x00007ffd151f9000 	C:\WINDOWS\system32\uxtheme.dll
0x00007ffd081a0000 - 0x00007ffd082f6000 	C:\WINDOWS\system32\opengl32.dll
0x00007ffd10390000 - 0x00007ffd103bc000 	C:\WINDOWS\SYSTEM32\GLU32.dll
0x00007ffd16560000 - 0x00007ffd16580000 	C:\WINDOWS\SYSTEM32\dxcore.dll
0x00007ffd1a7c0000 - 0x00007ffd1a8f6000 	C:\WINDOWS\System32\MSCTF.dll
0x00007ffd190a0000 - 0x00007ffd191f6000 	C:\WINDOWS\System32\ole32.dll
0x00007ffd16cd0000 - 0x00007ffd16d03000 	C:\WINDOWS\system32\rsaenh.dll
0x00007ffd17fd0000 - 0x00007ffd17ff6000 	C:\WINDOWS\System32\bcrypt.dll
0x00007ffd177e0000 - 0x00007ffd17805000 	C:\WINDOWS\SYSTEM32\USERENV.dll
0x00007ffd17330000 - 0x00007ffd1733c000 	C:\WINDOWS\SYSTEM32\CRYPTBASE.dll
0x00007ffd0a900000 - 0x00007ffd0a91a000 	E:\JAVA\bin\net.dll
0x00007ffd06c40000 - 0x00007ffd06e16000 	C:\WINDOWS\SYSTEM32\urlmon.dll
0x00007ffd079d0000 - 0x00007ffd07c76000 	C:\WINDOWS\SYSTEM32\iertutil.dll
0x00007ffd17160000 - 0x00007ffd171c7000 	C:\WINDOWS\system32\mswsock.dll
0x00007ffd16e70000 - 0x00007ffd16eaa000 	C:\WINDOWS\SYSTEM32\IPHLPAPI.DLL
0x00007ffd198a0000 - 0x00007ffd198a8000 	C:\WINDOWS\System32\NSI.dll
0x00007ffd11a30000 - 0x00007ffd11a46000 	C:\WINDOWS\SYSTEM32\dhcpcsvc6.DLL
0x00007ffd0fa20000 - 0x00007ffd0fa3c000 	C:\WINDOWS\SYSTEM32\dhcpcsvc.DLL
0x00007ffd16eb0000 - 0x00007ffd16f7a000 	C:\WINDOWS\SYSTEM32\DNSAPI.dll
0x00007ffd08790000 - 0x00007ffd087a2000 	E:\JAVA\bin\nio.dll
0x00007ffd02640000 - 0x00007ffd02689000 	E:\JAVA\bin\fontmanager.dll
0x00007ffcfa300000 - 0x00007ffcfa342000 	E:\JAVA\bin\t2k.dll
0x00007ffd11d20000 - 0x00007ffd11d2a000 	C:\Windows\System32\rasadhlp.dll
0x00007ffd11e70000 - 0x00007ffd11e7d000 	E:\JAVA\bin\management.dll
0x00007ffd122c0000 - 0x00007ffd122d6000 	C:\WINDOWS\system32\napinsp.dll
0x00007ffd122a0000 - 0x00007ffd122ba000 	C:\WINDOWS\system32\pnrpnsp.dll
0x00007ffd12770000 - 0x00007ffd1277e000 	C:\WINDOWS\System32\winrnr.dll
0x00007ffd13630000 - 0x00007ffd1364c000 	C:\WINDOWS\system32\NLAapi.dll
0x00007ffd12280000 - 0x00007ffd12295000 	C:\WINDOWS\system32\wshbth.dll
0x00007ffd12490000 - 0x00007ffd12507000 	C:\WINDOWS\System32\fwpuclnt.dll
0x00007ffd06260000 - 0x00007ffd06309000 	C:\WINDOWS\WinSxS\amd64_microsoft.windows.common-controls_6595b64144ccf1df_5.82.18362.388_none_2a2ad5804667037c\comctl32.dll
0x00007ffd18b90000 - 0x00007ffd18c32000 	C:\WINDOWS\System32\clbcatq.dll
0x00007ffd15710000 - 0x00007ffd157ff000 	C:\WINDOWS\SYSTEM32\PROPSYS.dll
0x00007ffd132f0000 - 0x00007ffd13306000 	C:\WINDOWS\system32\NetworkExplorer.dll
0x00007ffd00420000 - 0x00007ffd0043b000 	C:\WINDOWS\SYSTEM32\MPR.dll
0x00007ffd0b1e0000 - 0x00007ffd0b1eb000 	C:\WINDOWS\System32\drprov.dll
0x00007ffd16980000 - 0x00007ffd169dc000 	C:\WINDOWS\System32\WINSTA.dll
0x00007ffcff6e0000 - 0x00007ffcff6f5000 	C:\WINDOWS\System32\ntlanman.dll
0x00007ffcfe9a0000 - 0x00007ffcfe9bd000 	C:\WINDOWS\System32\davclnt.dll
0x00007ffd01e40000 - 0x00007ffd01e4c000 	C:\WINDOWS\System32\DAVHLPR.dll
0x00007ffd12910000 - 0x00007ffd12927000 	C:\WINDOWS\System32\wkscli.dll
0x00007ffcf37f0000 - 0x00007ffcf3802000 	C:\WINDOWS\SYSTEM32\cscapi.dll
0x00007ffd16f80000 - 0x00007ffd16f8c000 	C:\WINDOWS\System32\netutils.dll
0x00007ffcedb90000 - 0x00007ffcedbe3000 	C:\Windows\System32\dlnashext.dll
0x00007ffcf5070000 - 0x00007ffcf50d4000 	C:\Windows\System32\PlayToDevice.dll
0x00007ffd150a0000 - 0x00007ffd150c0000 	C:\Windows\System32\DevDispItemProvider.dll
0x00007ffd10600000 - 0x00007ffd10672000 	C:\WINDOWS\System32\MMDevApi.dll
0x00007ffd176f0000 - 0x00007ffd1771a000 	C:\WINDOWS\System32\DEVOBJ.dll
0x00007ffce2ec0000 - 0x00007ffce2f5b000 	C:\WINDOWS\system32\wpdshext.dll
0x00007ffd060b0000 - 0x00007ffd06253000 	C:\WINDOWS\WinSxS\amd64_microsoft.windows.gdiplus_6595b64144ccf1df_1.1.18362.388_none_17b1a28a6d9fd53b\gdiplus.dll
0x00007ffcf34c0000 - 0x00007ffcf355e000 	C:\Windows\System32\PortableDeviceApi.dll
0x00007ffd1a180000 - 0x00007ffd1a5f0000 	C:\WINDOWS\System32\SETUPAPI.dll
0x00007ffd181a0000 - 0x00007ffd181fc000 	C:\WINDOWS\System32\WINTRUST.dll
0x00007ffd17990000 - 0x00007ffd179a2000 	C:\WINDOWS\System32\MSASN1.dll
0x00007ffd179b0000 - 0x00007ffd17af9000 	C:\WINDOWS\System32\CRYPT32.dll
0x00007ffcf5120000 - 0x00007ffcf5150000 	C:\Windows\System32\PortableDeviceTypes.dll
0x00007ffd03b80000 - 0x00007ffd03bb7000 	C:\Windows\System32\EhStorShell.dll
0x00007ffd11ea0000 - 0x00007ffd11ec5000 	C:\Windows\System32\EhStorAPI.dll
0x00007ffd129a0000 - 0x00007ffd129b3000 	C:\Windows\System32\WTSAPI32.dll
0x00007ffd11660000 - 0x00007ffd1166d000 	C:\WINDOWS\SYSTEM32\LINKINFO.dll
0x00007ffd07cb0000 - 0x00007ffd07d43000 	C:\Windows\System32\appresolver.dll
0x00007ffd16800000 - 0x00007ffd16827000 	C:\Windows\System32\SLC.dll
0x00007ffd0f860000 - 0x00007ffd0f8bd000 	C:\Windows\System32\Bcp47Langs.dll
0x00007ffd167d0000 - 0x00007ffd167f6000 	C:\Windows\System32\sppc.dll
0x00007ffd01540000 - 0x00007ffd01571000 	E:\JAVA\bin\jpeg.dll
0x00007ffd10830000 - 0x00007ffd109df000 	C:\WINDOWS\SYSTEM32\WindowsCodecs.dll
0x00007ffd09f60000 - 0x00007ffd09f9a000 	C:\WINDOWS\system32\dataexchange.dll
0x00007ffd14010000 - 0x00007ffd1426b000 	C:\WINDOWS\system32\d3d11.dll
0x00007ffd146d0000 - 0x00007ffd148ab000 	C:\WINDOWS\system32\dcomp.dll
0x00007ffd165f0000 - 0x00007ffd166db000 	C:\WINDOWS\system32\dxgi.dll
0x00007ffd159b0000 - 0x00007ffd15c0a000 	C:\WINDOWS\system32\twinapi.appcore.dll
0x00007ffd15e10000 - 0x00007ffd15e39000 	C:\WINDOWS\system32\RMCLIENT.dll

VM Arguments:
java_command: com.st.microxplorer.maingui.STM32CubeMX C:\Users\48013\Desktop\DAC\DAC.ioc
java_class_path (initial): E:\STM32CubeMX\STM32CubeMX.exe;anything
Launcher Type: SUN_STANDARD

Environment Variables:
PATH=E:\STM32CubeMX\;C:\Program Files (x86)\Common Files\Oracle\Java\javapath;C:\Program Files (x86)\Intel\Intel(R) Management Engine Components\iCLS\;C:\Program Files\Intel\Intel(R) Management Engine Components\iCLS\;C:\Windows\system32;C:\Windows;C:\Windows\System32\Wbem;C:\Windows\System32\WindowsPowerShell\v1.0\;C:\Program Files (x86)\Intel\Intel(R) Management Engine Components\DAL;C:\Program Files\Intel\Intel(R) Management Engine Components\DAL;C:\Program Files (x86)\Intel\Intel(R) Management Engine Components\IPT;C:\Program Files\Intel\Intel(R) Management Engine Components\IPT;C:\Program Files (x86)\NVIDIA Corporation\PhysX\Common;C:\WINDOWS\system32;C:\WINDOWS;C:\WINDOWS\System32\Wbem;C:\WINDOWS\System32\WindowsPowerShell\v1.0\;C:\WINDOWS\System32\OpenSSH\;D:\Sublime Text 3;C:\Program Files\dotnet\;E:\Git\cmd;D:\Node\;D:\Python\Scripts\;D:\Python\;C:\Users\48013\AppData\Local\Microsoft\WindowsApps;C:\Users\48013\AppData\Roaming\npm;;E:\JAVA\bin
USERNAME=48013
OS=Windows_NT
PROCESSOR_IDENTIFIER=Intel64 Family 6 Model 158 Stepping 10, GenuineIntel



---------------  S Y S T E M  ---------------

OS: Windows 10.0 , 64 bit Build 18362 (10.0.18362.329)

CPU:total 8 (initial active 8) (4 cores per cpu, 2 threads per core) family 6 model 158 stepping 10, cmov, cx8, fxsr, mmx, sse, sse2, sse3, ssse3, sse4.1, sse4.2, popcnt, avx, avx2, aes, clmul, erms, 3dnowpref, lzcnt, ht, tsc, tscinvbit, bmi1, bmi2, adx

Memory: 4k page, physical 8259892k(255480k free), swap 16124208k(560k free)

vm_info: Java HotSpot(TM) 64-Bit Server VM (25.221-b11) for windows-amd64 JRE (1.8.0_221-b11), built on Jul  4 2019 04:39:29 by "java_re" with MS VC++ 10.0 (VS2010)

time: Sun Oct 13 19:27:53 2019
timezone: 中国标准时间
elapsed time: 16 seconds (0d 0h 0m 16s)

